d:\쥬신\api 시연회\방학때한스타듀\mystardew\mystardew\debug\mystardew.pch
d:\쥬신\api 시연회\방학때한스타듀\mystardew\mystardew\debug\vc140.pdb
d:\쥬신\api 시연회\방학때한스타듀\mystardew\mystardew\debug\vc140.idb
d:\쥬신\api 시연회\방학때한스타듀\mystardew\mystardew\debug\stdafx.obj
d:\쥬신\api 시연회\방학때한스타듀\mystardew\mystardew\debug\running.obj
d:\쥬신\api 시연회\방학때한스타듀\mystardew\mystardew\debug\salad.obj
d:\쥬신\api 시연회\방학때한스타듀\mystardew\mystardew\debug\scene.obj
d:\쥬신\api 시연회\방학때한스타듀\mystardew\mystardew\debug\scenemgr.obj
d:\쥬신\api 시연회\방학때한스타듀\mystardew\mystardew\debug\scrollmgr.obj
d:\쥬신\api 시연회\방학때한스타듀\mystardew\mystardew\debug\sebamgr.obj
d:\쥬신\api 시연회\방학때한스타듀\mystardew\mystardew\debug\soundmgr.obj
d:\쥬신\api 시연회\방학때한스타듀\mystardew\mystardew\debug\statue.obj
d:\쥬신\api 시연회\방학때한스타듀\mystardew\mystardew\debug\store.obj
d:\쥬신\api 시연회\방학때한스타듀\mystardew\mystardew\debug\storemgr.obj
d:\쥬신\api 시연회\방학때한스타듀\mystardew\mystardew\debug\tile.obj
d:\쥬신\api 시연회\방학때한스타듀\mystardew\mystardew\debug\tilemgr.obj
d:\쥬신\api 시연회\방학때한스타듀\mystardew\mystardew\debug\tree.obj
d:\쥬신\api 시연회\방학때한스타듀\mystardew\mystardew\debug\uibutton.obj
d:\쥬신\api 시연회\방학때한스타듀\mystardew\mystardew\debug\uiimage.obj
d:\쥬신\api 시연회\방학때한스타듀\mystardew\mystardew\debug\uiinven.obj
d:\쥬신\api 시연회\방학때한스타듀\mystardew\mystardew\debug\undermgr.obj
d:\쥬신\api 시연회\방학때한스타듀\mystardew\mystardew\debug\undertale.obj
d:\쥬신\api 시연회\방학때한스타듀\mystardew\mystardew\debug\watering.obj
d:\쥬신\api 시연회\방학때한스타듀\mystardew\mystardew\debug\wood.obj
d:\쥬신\api 시연회\방학때한스타듀\mystardew\mystardew\debug\keg.obj
d:\쥬신\api 시연회\방학때한스타듀\mystardew\mystardew\debug\keymgr.obj
d:\쥬신\api 시연회\방학때한스타듀\mystardew\mystardew\debug\kirby.obj
d:\쥬신\api 시연회\방학때한스타듀\mystardew\mystardew\debug\maingame.obj
d:\쥬신\api 시연회\방학때한스타듀\mystardew\mystardew\debug\monster.obj
d:\쥬신\api 시연회\방학때한스타듀\mystardew\mystardew\debug\mybitmap.obj
d:\쥬신\api 시연회\방학때한스타듀\mystardew\mystardew\debug\mymenu.obj
d:\쥬신\api 시연회\방학때한스타듀\mystardew\mystardew\debug\mystardew.obj
d:\쥬신\api 시연회\방학때한스타듀\mystardew\mystardew\debug\night.obj
d:\쥬신\api 시연회\방학때한스타듀\mystardew\mystardew\debug\obj.obj
d:\쥬신\api 시연회\방학때한스타듀\mystardew\mystardew\debug\objmgr.obj
d:\쥬신\api 시연회\방학때한스타듀\mystardew\mystardew\debug\parsnip.obj
d:\쥬신\api 시연회\방학때한스타듀\mystardew\mystardew\debug\parsnipseed.obj
d:\쥬신\api 시연회\방학때한스타듀\mystardew\mystardew\debug\pick.obj
d:\쥬신\api 시연회\방학때한스타듀\mystardew\mystardew\debug\pickax.obj
d:\쥬신\api 시연회\방학때한스타듀\mystardew\mystardew\debug\pickle.obj
d:\쥬신\api 시연회\방학때한스타듀\mystardew\mystardew\debug\player.obj
d:\쥬신\api 시연회\방학때한스타듀\mystardew\mystardew\debug\present.obj
d:\쥬신\api 시연회\방학때한스타듀\mystardew\mystardew\debug\puzzle.obj
d:\쥬신\api 시연회\방학때한스타듀\mystardew\mystardew\debug\rock.obj
d:\쥬신\api 시연회\방학때한스타듀\mystardew\mystardew\debug\apple.obj
d:\쥬신\api 시연회\방학때한스타듀\mystardew\mystardew\debug\ax.obj
d:\쥬신\api 시연회\방학때한스타듀\mystardew\mystardew\debug\ban.obj
d:\쥬신\api 시연회\방학때한스타듀\mystardew\mystardew\debug\bmpmgr.obj
d:\쥬신\api 시연회\방학때한스타듀\mystardew\mystardew\debug\box.obj
d:\쥬신\api 시연회\방학때한스타듀\mystardew\mystardew\debug\bullet.obj
d:\쥬신\api 시연회\방학때한스타듀\mystardew\mystardew\debug\cave.obj
d:\쥬신\api 시연회\방학때한스타듀\mystardew\mystardew\debug\collisionmgr.obj
d:\쥬신\api 시연회\방학때한스타듀\mystardew\mystardew\debug\crystal.obj
d:\쥬신\api 시연회\방학때한스타듀\mystardew\mystardew\debug\dirt.obj
d:\쥬신\api 시연회\방학때한스타듀\mystardew\mystardew\debug\empty.obj
d:\쥬신\api 시연회\방학때한스타듀\mystardew\mystardew\debug\ending.obj
d:\쥬신\api 시연회\방학때한스타듀\mystardew\mystardew\debug\farm.obj
d:\쥬신\api 시연회\방학때한스타듀\mystardew\mystardew\debug\gun.obj
d:\쥬신\api 시연회\방학때한스타듀\mystardew\mystardew\debug\horse.obj
d:\쥬신\api 시연회\방학때한스타듀\mystardew\mystardew\debug\house.obj
d:\쥬신\api 시연회\방학때한스타듀\mystardew\mystardew\debug\invenmgr.obj
d:\쥬신\api 시연회\방학때한스타듀\mystardew\mystardew\debug\rain.obj
d:\쥬신\api 시연회\방학때한스타듀\mystardew (30)\mystardew\debug\mystardew.pch
d:\쥬신\api 시연회\방학때한스타듀\mystardew (30)\mystardew\debug\vc140.pdb
d:\쥬신\api 시연회\방학때한스타듀\mystardew (30)\mystardew\debug\vc140.idb
d:\쥬신\api 시연회\방학때한스타듀\mystardew (30)\mystardew\debug\stdafx.obj
d:\쥬신\api 시연회\방학때한스타듀\mystardew (30)\mystardew\debug\running.obj
d:\쥬신\api 시연회\방학때한스타듀\mystardew (30)\mystardew\debug\salad.obj
d:\쥬신\api 시연회\방학때한스타듀\mystardew (30)\mystardew\debug\scene.obj
d:\쥬신\api 시연회\방학때한스타듀\mystardew (30)\mystardew\debug\scenemgr.obj
d:\쥬신\api 시연회\방학때한스타듀\mystardew (30)\mystardew\debug\scrollmgr.obj
d:\쥬신\api 시연회\방학때한스타듀\mystardew (30)\mystardew\debug\sebamgr.obj
d:\쥬신\api 시연회\방학때한스타듀\mystardew (30)\mystardew\debug\soundmgr.obj
d:\쥬신\api 시연회\방학때한스타듀\mystardew (30)\mystardew\debug\statue.obj
d:\쥬신\api 시연회\방학때한스타듀\mystardew (30)\mystardew\debug\store.obj
d:\쥬신\api 시연회\방학때한스타듀\mystardew (30)\mystardew\debug\storemgr.obj
d:\쥬신\api 시연회\방학때한스타듀\mystardew (30)\mystardew\debug\tile.obj
d:\쥬신\api 시연회\방학때한스타듀\mystardew (30)\mystardew\debug\tilemgr.obj
d:\쥬신\api 시연회\방학때한스타듀\mystardew (30)\mystardew\debug\tree.obj
d:\쥬신\api 시연회\방학때한스타듀\mystardew (30)\mystardew\debug\uibutton.obj
d:\쥬신\api 시연회\방학때한스타듀\mystardew (30)\mystardew\debug\uiimage.obj
d:\쥬신\api 시연회\방학때한스타듀\mystardew (30)\mystardew\debug\uiinven.obj
d:\쥬신\api 시연회\방학때한스타듀\mystardew (30)\mystardew\debug\undermgr.obj
d:\쥬신\api 시연회\방학때한스타듀\mystardew (30)\mystardew\debug\undertale.obj
d:\쥬신\api 시연회\방학때한스타듀\mystardew (30)\mystardew\debug\watering.obj
d:\쥬신\api 시연회\방학때한스타듀\mystardew (30)\mystardew\debug\wood.obj
d:\쥬신\api 시연회\방학때한스타듀\mystardew (30)\mystardew\debug\keymgr.obj
d:\쥬신\api 시연회\방학때한스타듀\mystardew (30)\mystardew\debug\kirby.obj
d:\쥬신\api 시연회\방학때한스타듀\mystardew (30)\mystardew\debug\maingame.obj
d:\쥬신\api 시연회\방학때한스타듀\mystardew (30)\mystardew\debug\monster.obj
d:\쥬신\api 시연회\방학때한스타듀\mystardew (30)\mystardew\debug\mybitmap.obj
d:\쥬신\api 시연회\방학때한스타듀\mystardew (30)\mystardew\debug\mymenu.obj
d:\쥬신\api 시연회\방학때한스타듀\mystardew (30)\mystardew\debug\mystardew.obj
d:\쥬신\api 시연회\방학때한스타듀\mystardew (30)\mystardew\debug\night.obj
d:\쥬신\api 시연회\방학때한스타듀\mystardew (30)\mystardew\debug\obj.obj
d:\쥬신\api 시연회\방학때한스타듀\mystardew (30)\mystardew\debug\objmgr.obj
d:\쥬신\api 시연회\방학때한스타듀\mystardew (30)\mystardew\debug\parsnip.obj
d:\쥬신\api 시연회\방학때한스타듀\mystardew (30)\mystardew\debug\parsnipseed.obj
d:\쥬신\api 시연회\방학때한스타듀\mystardew (30)\mystardew\debug\pick.obj
d:\쥬신\api 시연회\방학때한스타듀\mystardew (30)\mystardew\debug\pickax.obj
d:\쥬신\api 시연회\방학때한스타듀\mystardew (30)\mystardew\debug\pickle.obj
d:\쥬신\api 시연회\방학때한스타듀\mystardew (30)\mystardew\debug\player.obj
d:\쥬신\api 시연회\방학때한스타듀\mystardew (30)\mystardew\debug\present.obj
d:\쥬신\api 시연회\방학때한스타듀\mystardew (30)\mystardew\debug\puzzle.obj
d:\쥬신\api 시연회\방학때한스타듀\mystardew (30)\mystardew\debug\rain.obj
d:\쥬신\api 시연회\방학때한스타듀\mystardew (30)\mystardew\debug\rock.obj
d:\쥬신\api 시연회\방학때한스타듀\mystardew (30)\mystardew\debug\apple.obj
d:\쥬신\api 시연회\방학때한스타듀\mystardew (30)\mystardew\debug\ax.obj
d:\쥬신\api 시연회\방학때한스타듀\mystardew (30)\mystardew\debug\ban.obj
d:\쥬신\api 시연회\방학때한스타듀\mystardew (30)\mystardew\debug\bmpmgr.obj
d:\쥬신\api 시연회\방학때한스타듀\mystardew (30)\mystardew\debug\box.obj
d:\쥬신\api 시연회\방학때한스타듀\mystardew (30)\mystardew\debug\bullet.obj
d:\쥬신\api 시연회\방학때한스타듀\mystardew (30)\mystardew\debug\cave.obj
d:\쥬신\api 시연회\방학때한스타듀\mystardew (30)\mystardew\debug\collisionmgr.obj
d:\쥬신\api 시연회\방학때한스타듀\mystardew (30)\mystardew\debug\crystal.obj
d:\쥬신\api 시연회\방학때한스타듀\mystardew (30)\mystardew\debug\dirt.obj
d:\쥬신\api 시연회\방학때한스타듀\mystardew (30)\mystardew\debug\empty.obj
d:\쥬신\api 시연회\방학때한스타듀\mystardew (30)\mystardew\debug\ending.obj
d:\쥬신\api 시연회\방학때한스타듀\mystardew (30)\mystardew\debug\farm.obj
d:\쥬신\api 시연회\방학때한스타듀\mystardew (30)\mystardew\debug\gun.obj
d:\쥬신\api 시연회\방학때한스타듀\mystardew (30)\mystardew\debug\horse.obj
d:\쥬신\api 시연회\방학때한스타듀\mystardew (30)\mystardew\debug\house.obj
d:\쥬신\api 시연회\방학때한스타듀\mystardew (30)\mystardew\debug\invenmgr.obj
d:\쥬신\api 시연회\방학때한스타듀\mystardew (30)\mystardew\debug\keg.obj
d:\쥬신\api 시연회\방학때한스타듀\mystardew\debug\mystardew.ilk
d:\쥬신\api 시연회\방학때한스타듀\mystardew\debug\mystardew.exe
d:\쥬신\api 시연회\방학때한스타듀\mystardew\debug\mystardew.pdb
d:\쥬신\api 시연회\방학때한스타듀\mystardew\mystardew\debug\mystardew.res
d:\쥬신\api 시연회\방학때한스타듀\mystardew (30)\mystardew\debug\mystardew.res
d:\쥬신\api 시연회\방학때한스타듀\mystardew (30)\mystardew\debug\farm.obj.enc
d:\쥬신\api 시연회\방학때한스타듀\mystardew (30)\debug\mystardew.pdb
d:\쥬신\api 시연회\방학때한스타듀\mystardew (30)\mystardew\debug\mystardew.tlog\cl.command.1.tlog
d:\쥬신\api 시연회\방학때한스타듀\mystardew (30)\mystardew\debug\mystardew.tlog\cl.read.1.tlog
d:\쥬신\api 시연회\방학때한스타듀\mystardew (30)\mystardew\debug\mystardew.tlog\cl.write.1.tlog
d:\쥬신\api 시연회\방학때한스타듀\mystardew (30)\mystardew\debug\mystardew.tlog\link.command.1.tlog
d:\쥬신\api 시연회\방학때한스타듀\mystardew (30)\mystardew\debug\mystardew.tlog\link.read.1.tlog
d:\쥬신\api 시연회\방학때한스타듀\mystardew (30)\mystardew\debug\mystardew.tlog\link.write.1.tlog
d:\쥬신\api 시연회\방학때한스타듀\mystardew (30)\mystardew\debug\mystardew.tlog\rc.command.1.tlog
d:\쥬신\api 시연회\방학때한스타듀\mystardew (30)\mystardew\debug\mystardew.tlog\rc.read.1.tlog
d:\쥬신\api 시연회\방학때한스타듀\mystardew (30)\mystardew\debug\mystardew.tlog\rc.write.1.tlog
